<?xml version="1.0" encoding="UTF-8"?>
<!-- Generated by org.testng.reporters.JUnitReportReporter -->
<testsuite hostname="Ravi" failures="0" tests="1" name="com.Testng.check.sampleTestNG" time="37.682" errors="0" timestamp="29 Jan 2019 18:11:30 GMT" skipped="0">
  <testcase classname="com.Testng.check.sampleTestNG" name="enterCrdeds" time="37.682"/>
</testsuite> <!-- com.Testng.check.sampleTestNG -->
